<?xml version="1.0" encoding="UTF-8"?>
<testsuite name="AppTest" tests="5" skipped="0" failures="0" errors="0" timestamp="2015-08-17T22:56:15" hostname="epicodus-114.local" time="0.381">
  <properties/>
  <testcase name="IsScalene" classname="AppTest" time="0.302"/>
  <testcase name="IsEquilateral" classname="AppTest" time="0.018"/>
  <testcase name="rootTest" classname="AppTest" time="0.01"/>
  <testcase name="IsNotATriangle" classname="AppTest" time="0.018"/>
  <testcase name="IsIsoceles" classname="AppTest" time="0.017"/>
  <system-out><![CDATA[]]></system-out>
  <system-err><![CDATA[[Thread-4] INFO spark.webserver.SparkServer - == Spark has ignited ...
[Thread-4] INFO spark.webserver.SparkServer - >> Listening on 0.0.0.0:4567
[Thread-4] INFO org.eclipse.jetty.server.Server - jetty-9.0.2.v20130417
[Thread-4] INFO org.eclipse.jetty.server.ServerConnector - Started ServerConnector@50519316{HTTP/1.1}{0.0.0.0:4567}
[Test worker] INFO spark.webserver.SparkServer - >>> Spark shutting down ...
[Test worker] INFO org.eclipse.jetty.server.Server - Graceful shutdown org.eclipse.jetty.server.Server@43f4c6c2 by 
[Test worker] INFO org.eclipse.jetty.server.ServerConnector - Stopped ServerConnector@50519316{HTTP/1.1}{0.0.0.0:4567}
[Test worker] INFO spark.webserver.SparkServer - done
]]></system-err>
</testsuite>
